<?xml version="1.0" encoding="UTF-8"?>
<!-- Generated by org.testng.reporters.JUnitReportReporter -->
<testsuite hostname="inspiron89" failures="0" tests="4" name="ecommerceTest.ecommerce_TestCase_CartValidations" time="123.952" errors="0" timestamp="02 Aug 2023 23:05:35 GMT" skipped="0">
  <testcase classname="ecommerceTest.ecommerce_TestCase_CartValidations" name="verifyProductInCart" time="31.941"/>
  <testcase classname="ecommerceTest.ecommerce_TestCase_CartValidations" name="verifytotalPriceCalculation" time="29.366"/>
  <testcase classname="ecommerceTest.ecommerce_TestCase_CartValidations" name="verifytotalPriceCalculation" time="29.633"/>
  <testcase classname="ecommerceTest.ecommerce_TestCase_CartValidations" name="verifyProductInCart" time="33.012"/>
</testsuite> <!-- ecommerceTest.ecommerce_TestCase_CartValidations -->
